  main.c
  创造and判断成环链表.c
  判断链表中是否有该数据.c
  单链表and双链表的创建.c
D:\c学习\QG训练营第一周大组作业_\QG训练营第一周大组作业_\单链表and双链表的创建.c(10,3): warning C4033: “initList”必须返回值
D:\c学习\QG训练营第一周大组作业_\QG训练营第一周大组作业_\单链表and双链表的创建.c(22,3): warning C4033: “initDoubleList”必须返回值
  单链表and双链表的打印.c
D:\c学习\QG训练营第一周大组作业_\QG训练营第一周大组作业_\单链表and双链表的打印.c(30,1): warning C4133: “初始化”: 从“ML *”到“MDL *”的类型不兼容
  单链表奇偶互换.c
  单链表的增添和删除.c
  单链表的释放.c
  反转链表.c
  找出链表中间数据.c
  正在生成代码
  Previous IPDB not found, fall back to full compilation.
D:\c学习\QG训练营第一周大组作业_\QG训练营第一周大组作业_\单链表and双链表的创建.c(27): warning C4715: “initDoubleList”: 不是所有的控件路径都返回值
D:\c学习\QG训练营第一周大组作业_\QG训练营第一周大组作业_\单链表and双链表的创建.c(14): warning C4715: “initList”: 不是所有的控件路径都返回值
  All 23 functions were compiled because no usable IPDB/IOBJ from previous compilation was found.
  已完成代码的生成
  QG训练营第一周大组作业_.vcxproj -> D:\c学习\QG训练营第一周大组作业_\x64\Release\QG训练营第一周大组作业.exe
